<?xml version="1.0" encoding="UTF-8"?>
<testng-results ignored="0" total="1" passed="1" failed="0" skipped="0">
  <reporter-output>
  </reporter-output>
  <suite started-at="2023-09-29T08:40:29 IST" name="Surefire suite" finished-at="2023-09-29T08:40:29 IST" duration-ms="864">
    <groups>
    </groups>
    <test started-at="2023-09-29T08:40:29 IST" name="Surefire test" finished-at="2023-09-29T08:40:29 IST" duration-ms="864">
      <class name="com.databasetesting.AppTest">
        <test-method signature="shouldAnswerWithTrue()" started-at="2023-09-29T08:40:29 IST" name="shouldAnswerWithTrue" finished-at="2023-09-29T08:40:29 IST" duration-ms="293" status="PASS">
          <reporter-output>
          </reporter-output>
        </test-method> <!-- shouldAnswerWithTrue -->
      </class> <!-- com.databasetesting.AppTest -->
    </test> <!-- Surefire test -->
  </suite> <!-- Surefire suite -->
</testng-results>
