<?xml version="1.0" encoding="UTF-8"?>
<testsuite name="databasetesting"
           tests="6"
           failures="0"
           errors="0"
           skipped="0"
           time="0.694">
    <properties></properties>



            <testcase
                name="testStoredProcedureExists"
                time="0.302"
                classname="com.databasetesting.DatabaseTesting">
            </testcase>
            <testcase
                name="test_get_order_by_cust"
                time="0.051"
                classname="com.databasetesting.DatabaseTesting">
            </testcase>
            <testcase
                name="selectAllCustomersByCity"
                time="0.107"
                classname="com.databasetesting.DatabaseTesting">
            </testcase>
            <testcase
                name="testGetCustomerShipping"
                time="0.019"
                classname="com.databasetesting.DatabaseTesting">
            </testcase>
            <testcase
                name="selectAllCustomer"
                time="0.188"
                classname="com.databasetesting.DatabaseTesting">
            </testcase>
            <testcase
                name="selectAllCustomersByCityAndPin"
                time="0.027"
                classname="com.databasetesting.DatabaseTesting">
            </testcase>
</testsuite>
