<?xml version="1.0" encoding="UTF-8"?>
<testsuite name="C:/Users/amit/Downloads/3.DATA BASE TESTING  SDET QA AUTOMATION TECHIE/part6 procedure testing automation/databasetesting"
           tests="6"
           failures="0"
           errors="0"
           skipped="0"
           time="0.710">
    <properties></properties>



            <testcase
                name="selectAllCustomersByCity"
                time="0.038"
                classname="org.example.DatabaseTesting">
            </testcase>
            <testcase
                name="selectAllCustomer"
                time="0.198"
                classname="org.example.DatabaseTesting">
            </testcase>
            <testcase
                name="test_get_order_by_cust"
                time="0.054"
                classname="org.example.DatabaseTesting">
            </testcase>
            <testcase
                name="selectAllCustomersByCityAndPin"
                time="0.099"
                classname="org.example.DatabaseTesting">
            </testcase>
            <testcase
                name="testGetCustomerShipping"
                time="0.024"
                classname="org.example.DatabaseTesting">
            </testcase>
            <testcase
                name="testStoredProcedureExists"
                time="0.297"
                classname="org.example.DatabaseTesting">
            </testcase>
</testsuite>
