<?xml version="1.0" encoding="UTF-8"?>
<testsuite name="C:/Users/amit/Downloads/3.DATA BASE TESTING  SDET QA AUTOMATION TECHIE/part6 procedure testing automation/databasetesting"
           tests="6"
           failures="0"
           errors="0"
           skipped="0"
           time="0.635">
    <properties></properties>



            <testcase
                name="testGetCustomerShipping"
                time="0.139"
                classname="com.databasetesting.DatabaseTesting">
            </testcase>
            <testcase
                name="test_get_order_by_cust"
                time="0.047"
                classname="com.databasetesting.DatabaseTesting">
            </testcase>
            <testcase
                name="testStoredProcedureExists"
                time="0.162"
                classname="com.databasetesting.DatabaseTesting">
            </testcase>
            <testcase
                name="selectAllCustomersByCity"
                time="0.096"
                classname="com.databasetesting.DatabaseTesting">
            </testcase>
            <testcase
                name="selectAllCustomer"
                time="0.169"
                classname="com.databasetesting.DatabaseTesting">
            </testcase>
            <testcase
                name="selectAllCustomersByCityAndPin"
                time="0.022"
                classname="com.databasetesting.DatabaseTesting">
            </testcase>
</testsuite>
